android/app/build/intermediates/manifest_merge_blame_file/debug/manifest-merger-blame-debug-report.txt
1<?xml version="1.0" encoding="utf-8"?>
2<manifest xmlns:android="http://schemas.android.com/apk/res/android"
3    package="com.example.uig"
4    android:versionCode="1"
5    android:versionName="1.0" >
6
7    <uses-sdk
8        android:minSdkVersion="21"
9        android:targetSdkVersion="33" />
10    <!--
11         The INTERNET permission is required for development. Specifically,
12         the Flutter tool needs it to communicate with the running application
13         to allow setting breakpoints, to provide hot reload, etc.
14    -->
15    <uses-permission android:name="android.permission.INTERNET" />
15-->src\main\AndroidManifest.xml:6:5-67
15-->src\main\AndroidManifest.xml:6:22-64
16    <uses-permission
16-->src\main\AndroidManifest.xml:2:5-79
17        android:name="android.permission.READ_EXTERNAL_STORAGE"
17-->src\main\AndroidManifest.xml:2:22-77
18        android:maxSdkVersion="32" />
18-->[:file_picker] AndroidManifest.xml:9:9-35
19    <uses-permission
19-->src\main\AndroidManifest.xml:3:5-80
20        android:name="android.permission.WRITE_EXTERNAL_STORAGE"
20-->src\main\AndroidManifest.xml:3:22-78
21        android:maxSdkVersion="28" />
21-->[:camera_android_camerax] AndroidManifest.xml:13:9-35
22    <uses-permission android:name="android.permission.ACCESS_FINE_LOCATION" />
22-->src\main\AndroidManifest.xml:4:5-79
22-->src\main\AndroidManifest.xml:4:22-76
23    <uses-permission android:name="android.permission.ACCESS_COARSE_LOCATION" />
23-->src\main\AndroidManifest.xml:5:5-81
23-->src\main\AndroidManifest.xml:5:22-78
24    <uses-permission android:name="android.permission.ACCESS_NETWORK_STATE" />
24-->src\main\AndroidManifest.xml:7:5-79
24-->src\main\AndroidManifest.xml:7:22-76
25    <!--
26 Required to query activities that can process text, see:
27         https://developer.android.com/training/package-visibility and
28         https://developer.android.com/reference/android/content/Intent#ACTION_PROCESS_TEXT.
29
30         In particular, this is used by the Flutter engine in io.flutter.plugin.text.ProcessTextPlugin.
31    -->
32    <queries>
32-->src\main\AndroidManifest.xml:52:5-57:15
33        <intent>
33-->src\main\AndroidManifest.xml:53:9-56:18
34            <action android:name="android.intent.action.PROCESS_TEXT" />
34-->src\main\AndroidManifest.xml:54:13-72
34-->src\main\AndroidManifest.xml:54:21-70
35
36            <data android:mimeType="text/plain" />
36-->src\main\AndroidManifest.xml:55:13-50
36-->src\main\AndroidManifest.xml:55:19-48
37        </intent>
38        <intent>
38-->[:file_picker] AndroidManifest.xml:12:9-16:18
39            <action android:name="android.intent.action.GET_CONTENT" />
39-->[:file_picker] AndroidManifest.xml:13:13-72
39-->[:file_picker] AndroidManifest.xml:13:21-69
40
41            <data android:mimeType="*/*" />
41-->src\main\AndroidManifest.xml:55:13-50
41-->src\main\AndroidManifest.xml:55:19-48
42        </intent> <!-- Needs to be explicitly declared on Android R+ -->
43        <package android:name="com.google.android.apps.maps" />
43-->[com.google.android.gms:play-services-maps:19.0.0] AndroidManifest.xml:33:9-64
43-->[com.google.android.gms:play-services-maps:19.0.0] AndroidManifest.xml:33:18-61
44    </queries>
45
46    <uses-feature android:name="android.hardware.camera.any" />
46-->[:camera_android_camerax] AndroidManifest.xml:7:5-64
46-->[:camera_android_camerax] AndroidManifest.xml:7:19-61
47
48    <uses-permission android:name="android.permission.CAMERA" />
48-->[:camera_android_camerax] AndroidManifest.xml:9:5-65
48-->[:camera_android_camerax] AndroidManifest.xml:9:22-62
49    <uses-permission android:name="android.permission.RECORD_AUDIO" />
49-->[:camera_android_camerax] AndroidManifest.xml:10:5-71
49-->[:camera_android_camerax] AndroidManifest.xml:10:22-68
50
51    <uses-feature
51-->[com.google.android.gms:play-services-maps:19.0.0] AndroidManifest.xml:26:5-28:35
52        android:glEsVersion="0x00020000"
52-->[com.google.android.gms:play-services-maps:19.0.0] AndroidManifest.xml:27:9-41
53        android:required="true" />
53-->[com.google.android.gms:play-services-maps:19.0.0] AndroidManifest.xml:28:9-32
54
55    <permission
55-->[androidx.core:core:1.13.1] AndroidManifest.xml:22:5-24:47
56        android:name="com.example.uig.DYNAMIC_RECEIVER_NOT_EXPORTED_PERMISSION"
56-->[androidx.core:core:1.13.1] AndroidManifest.xml:23:9-81
57        android:protectionLevel="signature" />
57-->[androidx.core:core:1.13.1] AndroidManifest.xml:24:9-44
58
59    <uses-permission android:name="com.example.uig.DYNAMIC_RECEIVER_NOT_EXPORTED_PERMISSION" />
59-->[androidx.core:core:1.13.1] AndroidManifest.xml:26:5-97
59-->[androidx.core:core:1.13.1] AndroidManifest.xml:26:22-94
60
61    <application
61-->src\main\AndroidManifest.xml:8:5-46:19
62        android:appComponentFactory="androidx.core.app.CoreComponentFactory"
62-->[androidx.core:core:1.13.1] AndroidManifest.xml:28:18-86
63        android:debuggable="true"
64        android:enableOnBackInvokedCallback="true"
64-->src\main\AndroidManifest.xml:11:9-51
65        android:extractNativeLibs="true"
66        android:icon="@mipmap/ic_launcher"
66-->src\main\AndroidManifest.xml:12:9-43
67        android:label="uig" >
67-->src\main\AndroidManifest.xml:9:9-28
68        <meta-data
68-->src\main\AndroidManifest.xml:13:9-15:70
69            android:name="com.google.android.geo.API_KEY"
69-->src\main\AndroidManifest.xml:14:13-58
70            android:value="AIzaSyBjGyyXWfWYY0gG4OlJTFQ82Gr6SU7siw8" />
70-->src\main\AndroidManifest.xml:15:13-68
71        <meta-data
71-->src\main\AndroidManifest.xml:16:9-18:69
72            android:name="com.google.android.gms.version"
72-->src\main\AndroidManifest.xml:17:13-58
73            android:value="@integer/google_play_services_version" />
73-->src\main\AndroidManifest.xml:18:13-66
74
75        <activity
75-->src\main\AndroidManifest.xml:19:9-40:20
76            android:name="com.example.uig.MainActivity"
76-->src\main\AndroidManifest.xml:20:13-41
77            android:configChanges="orientation|keyboardHidden|keyboard|screenSize|smallestScreenSize|locale|layoutDirection|fontScale|screenLayout|density|uiMode"
77-->src\main\AndroidManifest.xml:25:13-163
78            android:exported="true"
78-->src\main\AndroidManifest.xml:21:13-36
79            android:hardwareAccelerated="true"
79-->src\main\AndroidManifest.xml:26:13-47
80            android:launchMode="singleTop"
80-->src\main\AndroidManifest.xml:22:13-43
81            android:taskAffinity=""
81-->src\main\AndroidManifest.xml:23:13-36
82            android:theme="@style/LaunchTheme"
82-->src\main\AndroidManifest.xml:24:13-47
83            android:windowSoftInputMode="adjustResize" >
83-->src\main\AndroidManifest.xml:27:13-55
84
85            <!--
86                 Specifies an Android theme to apply to this Activity as soon as
87                 the Android process has started. This theme is visible to the user
88                 while the Flutter UI initializes. After that, this theme continues
89                 to determine the Window background behind the Flutter UI.
90            -->
91            <meta-data
91-->src\main\AndroidManifest.xml:32:13-35:17
92                android:name="io.flutter.embedding.android.NormalTheme"
92-->src\main\AndroidManifest.xml:33:15-70
93                android:resource="@style/NormalTheme" />
93-->src\main\AndroidManifest.xml:34:15-52
94
95            <intent-filter>
95-->src\main\AndroidManifest.xml:36:13-39:29
96                <action android:name="android.intent.action.MAIN" />
96-->src\main\AndroidManifest.xml:37:17-68
96-->src\main\AndroidManifest.xml:37:25-66
97
98                <category android:name="android.intent.category.LAUNCHER" />
98-->src\main\AndroidManifest.xml:38:17-76
98-->src\main\AndroidManifest.xml:38:27-74
99            </intent-filter>
100        </activity>
101        <!--
102             Don't delete the meta-data below.
103             This is used by the Flutter tool to generate GeneratedPluginRegistrant.java
104        -->
105        <meta-data
105-->src\main\AndroidManifest.xml:43:9-45:33
106            android:name="flutterEmbedding"
106-->src\main\AndroidManifest.xml:44:13-44
107            android:value="2" />
107-->src\main\AndroidManifest.xml:45:13-30
108
109        <service
109-->[:geolocator_android] AndroidManifest.xml:8:9-12:56
110            android:name="com.baseflow.geolocator.GeolocatorLocationService"
110-->[:geolocator_android] AndroidManifest.xml:9:13-77
111            android:enabled="true"
111-->[:geolocator_android] AndroidManifest.xml:10:13-35
112            android:exported="false"
112-->[:geolocator_android] AndroidManifest.xml:11:13-37
113            android:foregroundServiceType="location" />
113-->[:geolocator_android] AndroidManifest.xml:12:13-53
114        <service
114-->[:location] AndroidManifest.xml:11:9-15:56
115            android:name="com.lyokone.location.FlutterLocationService"
115-->[:location] AndroidManifest.xml:12:13-71
116            android:enabled="true"
116-->[:location] AndroidManifest.xml:13:13-35
117            android:exported="false"
117-->[:location] AndroidManifest.xml:14:13-37
118            android:foregroundServiceType="location" />
118-->[:location] AndroidManifest.xml:15:13-53
119        <service
119-->[androidx.camera:camera-camera2:1.3.4] AndroidManifest.xml:24:9-33:19
120            android:name="androidx.camera.core.impl.MetadataHolderService"
120-->[androidx.camera:camera-camera2:1.3.4] AndroidManifest.xml:25:13-75
121            android:enabled="false"
121-->[androidx.camera:camera-camera2:1.3.4] AndroidManifest.xml:26:13-36
122            android:exported="false" >
122-->[androidx.camera:camera-camera2:1.3.4] AndroidManifest.xml:27:13-37
123            <meta-data
123-->[androidx.camera:camera-camera2:1.3.4] AndroidManifest.xml:30:13-32:89
124                android:name="androidx.camera.core.impl.MetadataHolderService.DEFAULT_CONFIG_PROVIDER"
124-->[androidx.camera:camera-camera2:1.3.4] AndroidManifest.xml:31:17-103
125                android:value="androidx.camera.camera2.Camera2Config$DefaultProvider" />
125-->[androidx.camera:camera-camera2:1.3.4] AndroidManifest.xml:32:17-86
126        </service> <!-- Needs to be explicitly declared on P+ -->
127        <uses-library
127-->[com.google.android.gms:play-services-maps:19.0.0] AndroidManifest.xml:39:9-41:40
128            android:name="org.apache.http.legacy"
128-->[com.google.android.gms:play-services-maps:19.0.0] AndroidManifest.xml:40:13-50
129            android:required="false" />
129-->[com.google.android.gms:play-services-maps:19.0.0] AndroidManifest.xml:41:13-37
130
131        <activity
131-->[com.google.android.gms:play-services-base:18.5.0] AndroidManifest.xml:5:9-173
132            android:name="com.google.android.gms.common.api.GoogleApiActivity"
132-->[com.google.android.gms:play-services-base:18.5.0] AndroidManifest.xml:5:19-85
133            android:exported="false"
133-->[com.google.android.gms:play-services-base:18.5.0] AndroidManifest.xml:5:146-170
134            android:theme="@android:style/Theme.Translucent.NoTitleBar" />
134-->[com.google.android.gms:play-services-base:18.5.0] AndroidManifest.xml:5:86-145
135
136        <uses-library
136-->[androidx.window:window:1.2.0] AndroidManifest.xml:23:9-25:40
137            android:name="androidx.window.extensions"
137-->[androidx.window:window:1.2.0] AndroidManifest.xml:24:13-54
138            android:required="false" />
138-->[androidx.window:window:1.2.0] AndroidManifest.xml:25:13-37
139        <uses-library
139-->[androidx.window:window:1.2.0] AndroidManifest.xml:26:9-28:40
140            android:name="androidx.window.sidecar"
140-->[androidx.window:window:1.2.0] AndroidManifest.xml:27:13-51
141            android:required="false" />
141-->[androidx.window:window:1.2.0] AndroidManifest.xml:28:13-37
142
143        <provider
143-->[androidx.lifecycle:lifecycle-process:2.7.0] AndroidManifest.xml:24:9-32:20
144            android:name="androidx.startup.InitializationProvider"
144-->[androidx.lifecycle:lifecycle-process:2.7.0] AndroidManifest.xml:25:13-67
145            android:authorities="com.example.uig.androidx-startup"
145-->[androidx.lifecycle:lifecycle-process:2.7.0] AndroidManifest.xml:26:13-68
146            android:exported="false" >
146-->[androidx.lifecycle:lifecycle-process:2.7.0] AndroidManifest.xml:27:13-37
147            <meta-data
147-->[androidx.lifecycle:lifecycle-process:2.7.0] AndroidManifest.xml:29:13-31:52
148                android:name="androidx.lifecycle.ProcessLifecycleInitializer"
148-->[androidx.lifecycle:lifecycle-process:2.7.0] AndroidManifest.xml:30:17-78
149                android:value="androidx.startup" />
149-->[androidx.lifecycle:lifecycle-process:2.7.0] AndroidManifest.xml:31:17-49
150            <meta-data
150-->[androidx.profileinstaller:profileinstaller:1.3.1] AndroidManifest.xml:29:13-31:52
151                android:name="androidx.profileinstaller.ProfileInstallerInitializer"
151-->[androidx.profileinstaller:profileinstaller:1.3.1] AndroidManifest.xml:30:17-85
152                android:value="androidx.startup" />
152-->[androidx.profileinstaller:profileinstaller:1.3.1] AndroidManifest.xml:31:17-49
153        </provider>
154
155        <receiver
155-->[androidx.profileinstaller:profileinstaller:1.3.1] AndroidManifest.xml:34:9-52:20
156            android:name="androidx.profileinstaller.ProfileInstallReceiver"
156-->[androidx.profileinstaller:profileinstaller:1.3.1] AndroidManifest.xml:35:13-76
157            android:directBootAware="false"
157-->[androidx.profileinstaller:profileinstaller:1.3.1] AndroidManifest.xml:36:13-44
158            android:enabled="true"
158-->[androidx.profileinstaller:profileinstaller:1.3.1] AndroidManifest.xml:37:13-35
159            android:exported="true"
159-->[androidx.profileinstaller:profileinstaller:1.3.1] AndroidManifest.xml:38:13-36
160            android:permission="android.permission.DUMP" >
160-->[androidx.profileinstaller:profileinstaller:1.3.1] AndroidManifest.xml:39:13-57
161            <intent-filter>
161-->[androidx.profileinstaller:profileinstaller:1.3.1] AndroidManifest.xml:40:13-42:29
162                <action android:name="androidx.profileinstaller.action.INSTALL_PROFILE" />
162-->[androidx.profileinstaller:profileinstaller:1.3.1] AndroidManifest.xml:41:17-91
162-->[androidx.profileinstaller:profileinstaller:1.3.1] AndroidManifest.xml:41:25-88
163            </intent-filter>
164            <intent-filter>
164-->[androidx.profileinstaller:profileinstaller:1.3.1] AndroidManifest.xml:43:13-45:29
165                <action android:name="androidx.profileinstaller.action.SKIP_FILE" />
165-->[androidx.profileinstaller:profileinstaller:1.3.1] AndroidManifest.xml:44:17-85
165-->[androidx.profileinstaller:profileinstaller:1.3.1] AndroidManifest.xml:44:25-82
166            </intent-filter>
167            <intent-filter>
167-->[androidx.profileinstaller:profileinstaller:1.3.1] AndroidManifest.xml:46:13-48:29
168                <action android:name="androidx.profileinstaller.action.SAVE_PROFILE" />
168-->[androidx.profileinstaller:profileinstaller:1.3.1] AndroidManifest.xml:47:17-88
168-->[androidx.profileinstaller:profileinstaller:1.3.1] AndroidManifest.xml:47:25-85
169            </intent-filter>
170            <intent-filter>
170-->[androidx.profileinstaller:profileinstaller:1.3.1] AndroidManifest.xml:49:13-51:29
171                <action android:name="androidx.profileinstaller.action.BENCHMARK_OPERATION" />
171-->[androidx.profileinstaller:profileinstaller:1.3.1] AndroidManifest.xml:50:17-95
171-->[androidx.profileinstaller:profileinstaller:1.3.1] AndroidManifest.xml:50:25-92
172            </intent-filter>
173        </receiver>
174    </application>
175
176</manifest>